<?xml version="1.0" encoding="UTF-8"?><testsuite errors="0" failures="1" name="org.example.features.search.AccountDetailsTestCases" skipped="0" tests="1" time="11.48" timestamp="2024-05-14 09:36:13"><testcase classname="org.example.features.search.AccountDetailsTestCases" name="Numeric last name"><failure message="Verify current URL&#10;Expected: not &quot;https://magento.softwaretestingboard.com/customer/address/index/&quot;&#10;     but: was &quot;https://magento.softwaretestingboard.com/customer/address/index/&quot;" type="java.lang.AssertionError">Verify current URL
Expected: not "https://magento.softwaretestingboard.com/customer/address/index/"
     but: was "https://magento.softwaretestingboard.com/customer/address/index/"</failure><system-err>Verify current URL
Expected: not "https://magento.softwaretestingboard.com/customer/address/index/"
     but: was "https://magento.softwaretestingboard.com/customer/address/index/"&#13;
org.example.steps.serenity.AccountDetailsSteps.shouldNotBeOnPage(AccountDetailsSteps.java:89)&#13;
org.example.features.search.AccountDetailsTestCases.NumericLastName(AccountDetailsTestCases.java:76)&#13;
worker.org.gradle.process.internal.worker.GradleWorkerMain.run(GradleWorkerMain.java:69)&#13;
worker.org.gradle.process.internal.worker.GradleWorkerMain.main(GradleWorkerMain.java:74)&#13;
</system-err></testcase></testsuite>